[    0.000000] Linux version 4.15.0-208-generic (buildd@lcy02-amd64-015) (gcc version 7.5.0 (Ubuntu 7.5.0-3ubuntu1~18.04)) #220-Ubuntu SMP Mon Mar 20 14:27:01 UTC 2023 (Ubuntu 4.15.0-208.220-generic 4.15.18)
[    0.000000] Command line: BOOT_IMAGE=/boot/vmlinuz-4.15.0-208-generic root=UUID=daeefa2a-4c7c-4679-853b-45b59ad1c43c ro console=tty1 console=ttyS0
[    0.000000] KERNEL supported cpus:
[    0.000000]   Intel GenuineIntel
[    0.000000]   AMD AuthenticAMD
[    0.000000]   Centaur CentaurHauls
[    0.000000] x86/fpu: Supporting XSAVE feature 0x001: 'x87 floating point registers'
[    0.000000] x86/fpu: Supporting XSAVE feature 0x002: 'SSE registers'
[    0.000000] x86/fpu: Supporting XSAVE feature 0x004: 'AVX registers'
[    0.000000] x86/fpu: xstate_offset[2]:  576, xstate_sizes[2]:  256
[    0.000000] x86/fpu: Enabled xstate features 0x7, context size is 832 bytes, using 'standard' format.
[    0.000000] e820: BIOS-provided physical RAM map:
[    0.000000] BIOS-e820: [mem 0x0000000000000000-0x000000000009fbff] usable
[    0.000000] BIOS-e820: [mem 0x000000000009fc00-0x000000000009ffff] reserved
[    0.000000] BIOS-e820: [mem 0x00000000000f0000-0x00000000000fffff] reserved
[    0.000000] BIOS-e820: [mem 0x0000000000100000-0x00000000dffeffff] usable
[    0.000000] BIOS-e820: [mem 0x00000000dfff0000-0x00000000dfffffff] ACPI data
[    0.000000] BIOS-e820: [mem 0x00000000fec00000-0x00000000fec00fff] reserved
[    0.000000] BIOS-e820: [mem 0x00000000fee00000-0x00000000fee00fff] reserved
[    0.000000] BIOS-e820: [mem 0x00000000fffc0000-0x00000000ffffffff] reserved
[    0.000000] BIOS-e820: [mem 0x0000000100000000-0x000000011fffffff] usable
[    0.000000] NX (Execute Disable) protection: active
[    0.000000] SMBIOS 2.5 present.
[    0.000000] DMI: innotek GmbH VirtualBox/VirtualBox, BIOS VirtualBox 12/01/2006
[    0.000000] Hypervisor detected: KVM
[    0.000000] e820: last_pfn = 0x120000 max_arch_pfn = 0x400000000
[    0.000000] MTRR: Disabled
[    0.000000] x86/PAT: MTRRs disabled, skipping PAT initialization too.
[    0.000000] CPU MTRRs all blank - virtualized system.
[    0.000000] x86/PAT: Configuration [0-7]: WB  WT  UC- UC  WB  WT  UC- UC  
[    0.000000] e820: last_pfn = 0xdfff0 max_arch_pfn = 0x400000000
[    0.000000] found SMP MP-table at [mem 0x0009fff0-0x0009ffff]
[    0.000000] Scanning 1 areas for low memory corruption
[    0.000000] RAMDISK: [mem 0x35819000-0x36c03fff]
[    0.000000] ACPI: Early table checksum verification disabled
[    0.000000] ACPI: RSDP 0x00000000000E0000 000024 (v02 VBOX  )
[    0.000000] ACPI: XSDT 0x00000000DFFF0030 00003C (v01 VBOX   VBOXXSDT 00000001 ASL  00000061)
[    0.000000] ACPI: FACP 0x00000000DFFF00F0 0000F4 (v04 VBOX   VBOXFACP 00000001 ASL  00000061)
[    0.000000] ACPI: DSDT 0x00000000DFFF0470 002325 (v02 VBOX   VBOXBIOS 00000002 INTL 20200925)
[    0.000000] ACPI: FACS 0x00000000DFFF0200 000040
[    0.000000] ACPI: FACS 0x00000000DFFF0200 000040
[    0.000000] ACPI: APIC 0x00000000DFFF0240 00005C (v02 VBOX   VBOXAPIC 00000001 ASL  00000061)
[    0.000000] ACPI: SSDT 0x00000000DFFF02A0 0001CC (v01 VBOX   VBOXCPUT 00000002 INTL 20200925)
[    0.000000] ACPI: Reserving FACP table memory at [mem 0xdfff00f0-0xdfff01e3]
[    0.000000] ACPI: Reserving DSDT table memory at [mem 0xdfff0470-0xdfff2794]
[    0.000000] ACPI: Reserving FACS table memory at [mem 0xdfff0200-0xdfff023f]
[    0.000000] ACPI: Reserving FACS table memory at [mem 0xdfff0200-0xdfff023f]
[    0.000000] ACPI: Reserving APIC table memory at [mem 0xdfff0240-0xdfff029b]
[    0.000000] ACPI: Reserving SSDT table memory at [mem 0xdfff02a0-0xdfff046b]
[    0.000000] No NUMA configuration found
[    0.000000] Faking a node at [mem 0x0000000000000000-0x000000011fffffff]
[    0.000000] NODE_DATA(0) allocated [mem 0x11ffd1000-0x11fffbfff]
[    0.000000] kvm-clock: cpu 0, msr 1:1ff50001, primary cpu clock
[    0.000000] kvm-clock: Using msrs 4b564d01 and 4b564d00
[    0.000000] kvm-clock: using sched offset of 3211467578 cycles
[    0.000000] clocksource: kvm-clock: mask: 0xffffffffffffffff max_cycles: 0x1cd42e4dffb, max_idle_ns: 881590591483 ns
[    0.000000] Zone ranges:
[    0.000000]   DMA      [mem 0x0000000000001000-0x0000000000ffffff]
[    0.000000]   DMA32    [mem 0x0000000001000000-0x00000000ffffffff]
[    0.000000]   Normal   [mem 0x0000000100000000-0x000000011fffffff]
[    0.000000]   Device   empty
[    0.000000] Movable zone start for each node
[    0.000000] Early memory node ranges
[    0.000000]   node   0: [mem 0x0000000000001000-0x000000000009efff]
[    0.000000]   node   0: [mem 0x0000000000100000-0x00000000dffeffff]
[    0.000000]   node   0: [mem 0x0000000100000000-0x000000011fffffff]
[    0.000000] Reserved but unavailable: 104 pages
[    0.000000] Initmem setup node 0 [mem 0x0000000000001000-0x000000011fffffff]
[    0.000000] ACPI: PM-Timer IO Port: 0x4008
[    0.000000] IOAPIC[0]: apic_id 2, version 32, address 0xfec00000, GSI 0-23
[    0.000000] ACPI: INT_SRC_OVR (bus 0 bus_irq 0 global_irq 2 dfl dfl)
[    0.000000] ACPI: INT_SRC_OVR (bus 0 bus_irq 9 global_irq 9 low level)
[    0.000000] Using ACPI (MADT) for SMP configuration information
[    0.000000] smpboot: Allowing 2 CPUs, 0 hotplug CPUs
[    0.000000] PM: Registered nosave memory: [mem 0x00000000-0x00000fff]
[    0.000000] PM: Registered nosave memory: [mem 0x0009f000-0x0009ffff]
[    0.000000] PM: Registered nosave memory: [mem 0x000a0000-0x000effff]
[    0.000000] PM: Registered nosave memory: [mem 0x000f0000-0x000fffff]
[    0.000000] PM: Registered nosave memory: [mem 0xdfff0000-0xdfffffff]
[    0.000000] PM: Registered nosave memory: [mem 0xe0000000-0xfebfffff]
[    0.000000] PM: Registered nosave memory: [mem 0xfec00000-0xfec00fff]
[    0.000000] PM: Registered nosave memory: [mem 0xfec01000-0xfedfffff]
[    0.000000] PM: Registered nosave memory: [mem 0xfee00000-0xfee00fff]
[    0.000000] PM: Registered nosave memory: [mem 0xfee01000-0xfffbffff]
[    0.000000] PM: Registered nosave memory: [mem 0xfffc0000-0xffffffff]
[    0.000000] e820: [mem 0xe0000000-0xfebfffff] available for PCI devices
[    0.000000] Booting paravirtualized kernel on KVM
[    0.000000] clocksource: refined-jiffies: mask: 0xffffffff max_cycles: 0xffffffff, max_idle_ns: 7645519600211568 ns
[    0.000000] setup_percpu: NR_CPUS:8192 nr_cpumask_bits:2 nr_cpu_ids:2 nr_node_ids:1
[    0.000000] percpu: Embedded 50 pages/cpu s167936 r8192 d28672 u1048576
[    0.000000] PV qspinlock hash table entries: 256 (order: 0, 4096 bytes)
[    0.000000] Built 1 zonelists, mobility grouping on.  Total pages: 1032057
[    0.000000] Policy zone: Normal
[    0.000000] Kernel command line: BOOT_IMAGE=/boot/vmlinuz-4.15.0-208-generic root=UUID=daeefa2a-4c7c-4679-853b-45b59ad1c43c ro console=tty1 console=ttyS0
[    0.000000] Memory: 4012384K/4193848K available (12300K kernel code, 2477K rwdata, 4324K rodata, 2480K init, 2720K bss, 181464K reserved, 0K cma-reserved)
[    0.000000] SLUB: HWalign=64, Order=0-3, MinObjects=0, CPUs=2, Nodes=1
[    0.000000] Kernel/User page tables isolation: enabled
[    0.000000] ftrace: allocating 39494 entries in 155 pages
[    0.004000] Hierarchical RCU implementation.
[    0.004000] 	RCU restricting CPUs from NR_CPUS=8192 to nr_cpu_ids=2.
[    0.004000] 	Tasks RCU enabled.
[    0.004000] RCU: Adjusting geometry for rcu_fanout_leaf=16, nr_cpu_ids=2
[    0.004000] NR_IRQS: 524544, nr_irqs: 440, preallocated irqs: 16
[    0.004000] random: crng init done
[    0.004000] Console: colour VGA+ 80x25
[    0.004000] console [tty1] enabled
[    0.004000] console [ttyS0] enabled
[    0.004000] ACPI: Core revision 20170831
[    0.004000] ACPI: 2 ACPI AML tables successfully acquired and loaded
[    0.004000] APIC: Switch to symmetric I/O mode setup
[    0.004000] x2apic enabled
[    0.004000] Switched APIC routing to physical x2apic.
[    0.004000] ..TIMER: vector=0x30 apic1=0 pin1=2 apic2=-1 pin2=-1
[    0.004000] tsc: Detected 2995.198 MHz processor
[    0.004000] Calibrating delay loop (skipped) preset value.. 5990.39 BogoMIPS (lpj=11980792)
[    0.004004] pid_max: default: 32768 minimum: 301
[    0.004522] Security Framework initialized
[    0.004968] Yama: becoming mindful.
[    0.005387] AppArmor: AppArmor initialized
[    0.007165] Dentry cache hash table entries: 524288 (order: 10, 4194304 bytes)
[    0.009079] Inode-cache hash table entries: 262144 (order: 9, 2097152 bytes)
[    0.012033] Mount-cache hash table entries: 8192 (order: 4, 65536 bytes)
[    0.012771] Mountpoint-cache hash table entries: 8192 (order: 4, 65536 bytes)
[    0.013713] Last level iTLB entries: 4KB 0, 2MB 0, 4MB 0
[    0.014311] Last level dTLB entries: 4KB 0, 2MB 0, 4MB 0, 1GB 0
[    0.014945] Spectre V1 : Mitigation: usercopy/swapgs barriers and __user pointer sanitization
[    0.016002] Spectre V2 : Mitigation: Retpolines
[    0.016508] Spectre V2 : Spectre v2 / SpectreRSB mitigation: Filling RSB on context switch
[    0.018546] Spectre V2 : Spectre v2 / SpectreRSB : Filling RSB on VMEXIT
[    0.020000] Speculative Store Bypass: Vulnerable
[    0.020036] MDS: Mitigation: Clear CPU buffers
[    0.020678] Freeing SMP alternatives memory: 36K
[    0.132411] smpboot: CPU0: 11th Gen Intel(R) Core(TM) i7-1185G7 @ 3.00GHz (family: 0x6, model: 0x8c, stepping: 0x1)
[    0.134191] Performance Events: unsupported p6 CPU model 140 no PMU driver, software events only.
[    0.135181] Hierarchical SRCU implementation.
[    0.136000] NMI watchdog: Perf event create on CPU 0 failed with -2
[    0.136001] NMI watchdog: Perf NMI watchdog permanently disabled
[    0.136695] smp: Bringing up secondary CPUs ...
[    0.137850] x86: Booting SMP configuration:
[    0.138348] .... node  #0, CPUs:      #1
[    0.004000] kvm-clock: cpu 1, msr 1:1ff50041, secondary cpu clock
[    0.140029] smp: Brought up 1 node, 2 CPUs
[    0.140888] smpboot: Max logical packages: 1
[    0.141354] smpboot: Total of 2 processors activated (11980.79 BogoMIPS)
[    0.144195] devtmpfs: initialized
[    0.144393] x86/mm: Memory block size: 128MB
[    0.145076] evm: security.selinux
[    0.145409] evm: security.SMACK64
[    0.145745] evm: security.SMACK64EXEC
[    0.146106] evm: security.SMACK64TRANSMUTE
[    0.146501] evm: security.SMACK64MMAP
[    0.146964] evm: security.apparmor
[    0.148005] evm: security.ima
[    0.148345] evm: security.capability
[    0.148745] clocksource: jiffies: mask: 0xffffffff max_cycles: 0xffffffff, max_idle_ns: 7645041785100000 ns
[    0.148876] futex hash table entries: 512 (order: 3, 32768 bytes)
[    0.149451] pinctrl core: initialized pinctrl subsystem
[    0.150010] RTC time: 12:51:38, date: 04/03/23
[    0.150552] NET: Registered protocol family 16
[    0.152051] audit: initializing netlink subsys (disabled)
[    0.152579] audit: type=2000 audit(1680526303.529:1): state=initialized audit_enabled=0 res=1
[    0.152999] cpuidle: using governor ladder
[    0.152999] cpuidle: using governor menu
[    0.152999] ACPI: bus type PCI registered
[    0.153233] acpiphp: ACPI Hot Plug PCI Controller Driver version: 0.5
[    0.153899] PCI: Using configuration type 1 for base access
[    0.156706] HugeTLB registered 2.00 MiB page size, pre-allocated 0 pages
[    0.156776] ACPI: Added _OSI(Module Device)
[    0.156776] ACPI: Added _OSI(Processor Device)
[    0.157606] ACPI: Added _OSI(3.0 _SCP Extensions)
[    0.160020] ACPI: Added _OSI(Processor Aggregator Device)
[    0.160710] ACPI: Added _OSI(Linux-Dell-Video)
[    0.161340] ACPI: Added _OSI(Linux-Lenovo-NV-HDMI-Audio)
[    0.162107] ACPI: Added _OSI(Linux-HPI-Hybrid-Graphics)
[    0.163080] ACPI: Executed 1 blocks of module-level executable AML code
[    0.167055] ACPI: Interpreter enabled
[    0.167564] ACPI: (supports S0 S5)
[    0.168003] ACPI: Using IOAPIC for interrupt routing
[    0.168644] PCI: Using host bridge windows from ACPI; if necessary, use "pci=nocrs" and report a bug
[    0.169633] ACPI: Enabled 2 GPEs in block 00 to 07
[    0.174425] ACPI: PCI Root Bridge [PCI0] (domain 0000 [bus 00-ff])
[    0.175637] acpi PNP0A03:00: _OSC: OS supports [ASPM ClockPM Segments MSI]
[    0.176324] acpi PNP0A03:00: _OSC: not requesting OS control; OS requires [ExtendedConfig ASPM ClockPM MSI]
[    0.177216] acpi PNP0A03:00: fail to add MMCONFIG information, can't access extended PCI configuration space under this bridge.
[    0.178847] PCI host bridge to bus 0000:00
[    0.179340] pci_bus 0000:00: root bus resource [io  0x0000-0x0cf7 window]
[    0.180005] pci_bus 0000:00: root bus resource [io  0x0d00-0xffff window]
[    0.180695] pci_bus 0000:00: root bus resource [mem 0x000a0000-0x000bffff window]
[    0.181462] pci_bus 0000:00: root bus resource [mem 0xe0000000-0xfdffffff window]
[    0.182174] pci_bus 0000:00: root bus resource [bus 00-ff]
[    0.184223] pci 0000:00:01.1: legacy IDE quirk: reg 0x10: [io  0x01f0-0x01f7]
[    0.184877] pci 0000:00:01.1: legacy IDE quirk: reg 0x14: [io  0x03f6]
[    0.185524] pci 0000:00:01.1: legacy IDE quirk: reg 0x18: [io  0x0170-0x0177]
[    0.186329] pci 0000:00:01.1: legacy IDE quirk: reg 0x1c: [io  0x0376]
[    0.223170] pci 0000:00:07.0: quirk: [io  0x4000-0x403f] claimed by PIIX4 ACPI
[    0.223918] pci 0000:00:07.0: quirk: [io  0x4100-0x410f] claimed by PIIX4 SMB
[    0.253350] ACPI: PCI Interrupt Link [LNKA] (IRQs 5 9 10 *11)
[    0.254254] ACPI: PCI Interrupt Link [LNKB] (IRQs 5 9 *10 11)
[    0.256080] ACPI: PCI Interrupt Link [LNKC] (IRQs 5 *9 10 11)
[    0.258064] ACPI: PCI Interrupt Link [LNKD] (IRQs 5 9 10 *11)
[    0.259283] SCSI subsystem initialized
[    0.260040] pci 0000:00:02.0: vgaarb: setting as boot VGA device
[    0.260547] pci 0000:00:02.0: vgaarb: VGA device added: decodes=io+mem,owns=io+mem,locks=none
[    0.261306] pci 0000:00:02.0: vgaarb: bridge control possible
[    0.261815] vgaarb: loaded
[    0.262101] ACPI: bus type USB registered
[    0.264013] usbcore: registered new interface driver usbfs
[    0.264521] usbcore: registered new interface driver hub
[    0.265001] usbcore: registered new device driver usb
[    0.265492] EDAC MC: Ver: 3.0.0
[    0.265492] PCI: Using ACPI for IRQ routing
[    0.265492] NetLabel: Initializing
[    0.265492] NetLabel:  domain hash size = 128
[    0.268010] NetLabel:  protocols = UNLABELED CIPSOv4 CALIPSO
[    0.268729] NetLabel:  unlabeled traffic allowed by default
[    0.270119] clocksource: Switched to clocksource kvm-clock
[    0.280698] VFS: Disk quotas dquot_6.6.0
[    0.281776] VFS: Dquot-cache hash table entries: 512 (order 0, 4096 bytes)
[    0.283400] AppArmor: AppArmor Filesystem Enabled
[    0.284232] pnp: PnP ACPI init
[    0.285399] pnp: PnP ACPI: found 3 devices
[    0.294391] clocksource: acpi_pm: mask: 0xffffff max_cycles: 0xffffff, max_idle_ns: 2085701024 ns
[    0.295335] NET: Registered protocol family 2
[    0.295826] IP idents hash table entries: 65536 (order: 7, 524288 bytes)
[    0.296748] TCP established hash table entries: 32768 (order: 6, 262144 bytes)
[    0.297453] TCP bind hash table entries: 32768 (order: 7, 524288 bytes)
[    0.298711] TCP: Hash tables configured (established 32768 bind 32768)
[    0.299338] UDP hash table entries: 2048 (order: 4, 65536 bytes)
[    0.299882] UDP-Lite hash table entries: 2048 (order: 4, 65536 bytes)
[    0.300502] NET: Registered protocol family 1
[    0.300918] pci 0000:00:00.0: Limiting direct PCI/PCI transfers
[    0.301460] pci 0000:00:01.0: Activating ISA DMA hang workarounds
[    0.302030] pci 0000:00:02.0: Video device with shadowed ROM at [mem 0x000c0000-0x000dffff]
[    0.302914] Unpacking initramfs...
[    0.517869] Freeing initrd memory: 20396K
[    0.518348] PCI-DMA: Using software bounce buffering for IO (SWIOTLB)
[    0.518910] software IO TLB: mapped [mem 0xdbff0000-0xdfff0000] (64MB)
[    0.519509] clocksource: tsc: mask: 0xffffffffffffffff max_cycles: 0x2b2c8d6afc8, max_idle_ns: 440795331172 ns
[    0.520436] platform rtc_cmos: registered platform RTC device (no PNP device found)
[    0.521128] Scanning for low memory corruption every 60 seconds
[    0.522048] Initialise system trusted keyrings
[    0.522482] Key type blacklist registered
[    0.522893] workingset: timestamp_bits=36 max_order=20 bucket_order=0
[    0.524123] zbud: loaded
[    0.524810] squashfs: version 4.0 (2009/01/31) Phillip Lougher
[    0.525447] fuse init (API version 7.26)
[    0.527167] Key type asymmetric registered
[    0.528342] Asymmetric key parser 'x509' registered
[    0.529554] Block layer SCSI generic (bsg) driver version 0.4 loaded (major 246)
[    0.530977] io scheduler noop registered
[    0.531368] io scheduler deadline registered
[    0.531803] io scheduler cfq registered (default)
[    0.532481] ACPI: AC Adapter [AC] (on-line)
[    0.532939] input: Power Button as /devices/LNXSYSTM:00/LNXPWRBN:00/input/input0
[    0.533667] ACPI: Power Button [PWRF]
[    0.534068] input: Sleep Button as /devices/LNXSYSTM:00/LNXSLPBN:00/input/input1
[    0.534762] ACPI: Sleep Button [SLPF]
[    0.535687] ACPI: Battery Slot [BAT0] (battery present)
[    0.536162] Serial: 8250/16550 driver, 32 ports, IRQ sharing enabled
[    0.557547] 00:02: ttyS0 at I/O 0x3f8 (irq = 4, base_baud = 115200) is a 16550A
[    0.559313] Linux agpgart interface v0.103
[    0.561249] loop: module loaded
[    0.562493] scsi host0: ata_piix
[    0.562907] scsi host1: ata_piix
[    0.563237] ata1: PATA max UDMA/33 cmd 0x1f0 ctl 0x3f6 bmdma 0xd000 irq 14
[    0.563832] ata2: PATA max UDMA/33 cmd 0x170 ctl 0x376 bmdma 0xd008 irq 15
[    0.564528] tun: Universal TUN/TAP device driver, 1.6
[    0.565032] PPP generic driver version 2.4.2
[    0.565540] ehci_hcd: USB 2.0 'Enhanced' Host Controller (EHCI) Driver
[    0.566210] ehci-pci: EHCI PCI platform driver
[    0.566703] ehci-platform: EHCI generic platform driver
[    0.567203] ohci_hcd: USB 1.1 'Open' Host Controller (OHCI) Driver
[    0.567773] ohci-pci: OHCI PCI platform driver
[    0.568232] ohci-platform: OHCI generic platform driver
[    0.568739] uhci_hcd: USB Universal Host Controller Interface driver
[    0.569366] i8042: PNP: PS/2 Controller [PNP0303:PS2K,PNP0f03:PS2M] at 0x60,0x64 irq 1,12
[    0.570562] serio: i8042 KBD port at 0x60,0x64 irq 1
[    0.571079] serio: i8042 AUX port at 0x60,0x64 irq 12
[    0.571740] mousedev: PS/2 mouse device common for all mice
[    0.572490] input: AT Translated Set 2 keyboard as /devices/platform/i8042/serio0/input/input2
[    0.573930] rtc_cmos rtc_cmos: rtc core: registered rtc_cmos as rtc0
[    0.574582] rtc_cmos rtc_cmos: alarms up to one day, 114 bytes nvram
[    0.575176] i2c /dev entries driver
[    0.575566] device-mapper: uevent: version 1.0.3
[    0.576039] device-mapper: ioctl: 4.37.0-ioctl (2017-09-20) initialised: dm-devel@redhat.com
[    0.576912] ledtrig-cpu: registered to indicate activity on CPUs
[    0.577716] NET: Registered protocol family 10
[    0.581243] Segment Routing with IPv6
[    0.581672] NET: Registered protocol family 17
[    0.582143] Key type dns_resolver registered
[    0.582662] mce: Using 0 MCE banks
[    0.583004] RAS: Correctable Errors collector initialized.
[    0.583508] sched_clock: Marking stable (582612755, 0)->(741989906, -159377151)
[    0.584525] registered taskstats version 1
[    0.584969] Loading compiled-in X.509 certificates
[    0.586924] Loaded X.509 cert 'Build time autogenerated kernel key: 05d3fa630a0ed8a65520e390196b077fd5e65720'
[    0.588473] Loaded X.509 cert 'Canonical Ltd. Live Patch Signing: 14df34d1a87cf37625abec039ef2bf521249b969'
[    0.590032] Loaded X.509 cert 'Canonical Ltd. Kernel Module Signing: 88f752e560a1e0737e31163a466ad7b70a850c19'
[    0.591284] blacklist: Loading compiled-in revocation X.509 certificates
[    0.591937] Loaded X.509 cert 'Canonical Ltd. Secure Boot Signing: 61482aa2830d0ab2ad5af10b7250da9033ddcef0'
[    0.592878] Loaded X.509 cert 'Canonical Ltd. Secure Boot Signing (2017): 242ade75ac4a15e50d50c84b0d45ff3eae707a03'
[    0.593803] Loaded X.509 cert 'Canonical Ltd. Secure Boot Signing (ESM 2018): 365188c1d374d6b07c3c8f240f8ef722433d6a8b'
[    0.594767] Loaded X.509 cert 'Canonical Ltd. Secure Boot Signing (2019): c0746fd6c5da3ae827864651ad66ae47fe24b3e8'
[    0.595687] Loaded X.509 cert 'Canonical Ltd. Secure Boot Signing (2021 v1): a8d54bbb3825cfb94fa13c9f8a594a195c107b8d'
[    0.596675] Loaded X.509 cert 'Canonical Ltd. Secure Boot Signing (2021 v2): 4cf046892d6fd3c9a5b03f98d845f90851dc6a8c'
[    0.597614] Loaded X.509 cert 'Canonical Ltd. Secure Boot Signing (2021 v3): 100437bb6de6e469b581e61cd66bce3ef4ed53af'
[    0.598595] Loaded X.509 cert 'Canonical Ltd. Secure Boot Signing (Ubuntu Core 2019): c1d57b8f6b743f23ee41f4f7ee292f06eecadfb9'
[    0.599626] zswap: loaded using pool lzo/zbud
[    0.602297] Key type big_key registered
[    0.602769] Key type trusted registered
[    0.604225] Key type encrypted registered
[    0.604634] AppArmor: AppArmor sha1 policy hashing enabled
[    0.605355] ima: No TPM chip found, activating TPM-bypass! (rc=-19)
[    0.605984] ima: Allocated hash algorithm: sha1
[    0.607721] evm: HMAC attrs: 0x1
[    0.608280]   Magic number: 3:822:884
[    0.608723] rtc_cmos rtc_cmos: setting system clock to 2023-04-03 12:51:38 UTC (1680526298)
[    0.609576] BIOS EDD facility v0.16 2004-Jun-25, 0 devices found
[    0.610155] EDD information not available.
[    1.165272] Freeing unused kernel image memory: 2480K
[    1.180038] Write protecting the kernel read-only data: 20480k
[    1.181190] Freeing unused kernel image memory: 2008K
[    1.182038] Freeing unused kernel image memory: 1820K
[    1.185879] x86/mm: Checked W+X mappings: passed, no W+X pages found.
[    1.186537] x86/mm: Checking user space page tables
[    1.190452] x86/mm: Checked W+X mappings: passed, no W+X pages found.
Loading, please wait...
starting version 237
[    1.232414] Fusion MPT base driver 3.04.20
[    1.233649] Copyright (c) 1999-2008 LSI Corporation
[    1.238549] Fusion MPT SPI Host driver 3.04.20
[    1.240791] e1000: Intel(R) PRO/1000 Network Driver - version 7.3.21-k8-NAPI
[    1.242650] e1000: Copyright (c) 1999-2006 Intel Corporation.
[    1.244024] mptbase: ioc0: Initiating bringup
[    1.252971] AVX2 version of gcm_enc/dec engaged.
[    1.253588] AES CTR mode by8 optimization enabled
[    1.340341] ioc0: LSI53C1030 A0: Capabilities={Initiator}
[    1.454194] input: ImExPS/2 Generic Explorer Mouse as /devices/platform/i8042/serio1/input/input4
[    1.584804] scsi host2: ioc0: LSI53C1030 A0, FwRev=00000000h, Ports=1, MaxQ=256, IRQ=20
[    3.363109] scsi 2:0:0:0: Direct-Access     VBOX     HARDDISK         1.0  PQ: 0 ANSI: 5
[    3.416129] scsi target2:0:0: Beginning Domain Validation
[    3.417202] scsi target2:0:0: Domain Validation skipping write tests
[    3.417809] scsi target2:0:0: Ending Domain Validation
[    3.418345] scsi target2:0:0: asynchronous
[    3.418935] scsi 2:0:1:0: Direct-Access     VBOX     HARDDISK         1.0  PQ: 0 ANSI: 5
[    3.720164] scsi target2:0:1: Beginning Domain Validation
[    3.721259] scsi target2:0:1: Domain Validation skipping write tests
[    3.721845] scsi target2:0:1: Ending Domain Validation
[    3.722428] scsi target2:0:1: asynchronous
[    3.725758] sd 2:0:0:0: Attached scsi generic sg0 type 0
[    3.730034] sd 2:0:1:0: [sdb] 20480 512-byte logical blocks: (10.5 MB/10.0 MiB)
[    3.730919] sd 2:0:1:0: [sdb] Write Protect is off
[    3.731459] sd 2:0:1:0: [sdb] Incomplete mode parameter data
[    3.731831] e1000 0000:00:03.0 eth0: (PCI:33MHz:32-bit) 02:4f:75:14:cc:00
[    3.731999] sd 2:0:1:0: [sdb] Assuming drive cache: write through
[    3.732701] e1000 0000:00:03.0 eth0: Intel(R) PRO/1000 Network Connection
[    3.733437] sd 2:0:0:0: [sda] 83886080 512-byte logical blocks: (42.9 GB/40.0 GiB)
[    3.734862] sd 2:0:1:0: Attached scsi generic sg1 type 0
[    3.735073] sd 2:0:0:0: [sda] Write Protect is off
[    3.736202] sd 2:0:0:0: [sda] Incomplete mode parameter data
[    3.736765] sd 2:0:0:0: [sda] Assuming drive cache: write through
[    3.738343]  sda: sda1
[    3.739011] sd 2:0:0:0: [sda] Attached SCSI disk
[    3.739636] sd 2:0:1:0: [sdb] Attached SCSI disk
[    4.378039] e1000 0000:00:08.0 eth1: (PCI:33MHz:32-bit) 08:00:27:08:bf:35
[    4.378920] e1000 0000:00:08.0 eth1: Intel(R) PRO/1000 Network Connection
[    4.381031] e1000 0000:00:03.0 enp0s3: renamed from eth0
[    4.428719] e1000 0000:00:08.0 enp0s8: renamed from eth1
Begin: Loading essential drivers ... [    5.820308] raid6: sse2x1   gen() 17356 MB/s
[    5.870053] raid6: sse2x1   xor() 10704 MB/s
[    5.929813] raid6: sse2x2   gen() 28928 MB/s
[    5.985969] raid6: sse2x2   xor() 18182 MB/s
[    6.035766] raid6: sse2x4   gen() 25718 MB/s
[    6.084767] raid6: sse2x4   xor() 13413 MB/s
[    6.135467] raid6: avx2x1   gen() 34849 MB/s
[    6.183478] raid6: avx2x1   xor() 20455 MB/s
[    6.231803] raid6: avx2x2   gen() 45585 MB/s
[    6.287898] raid6: avx2x2   xor() 33578 MB/s
[    6.339767] raid6: avx2x4   gen() 46130 MB/s
[    6.399797] raid6: avx2x4   xor() 26653 MB/s
[    6.400410] raid6: using algorithm avx2x4 gen() 46130 MB/s
[    6.401091] raid6: .... xor() 26653 MB/s, rmw enabled
[    6.401694] raid6: using avx2x2 recovery algorithm
[    6.402941] xor: automatically using best checksumming function   avx       
[    6.404357] async_tx: api initialized (async)
done.
Begin: Running /scripts/init-premount ... done.
Begin: Mounting root file system ... Begin: Running /scripts/local-top ... done.
Begin: Running /scripts/local-premount ... [    6.438601] Btrfs loaded, crc32c=crc32c-intel
Scanning for Btrfs filesystems
done.
Begin: Will now check root file system ... fsck from util-linux 2.31.1
[/sbin/fsck.ext4 (1) -- /dev/sda1] fsck.ext4 -a -C0 /dev/sda1 
cloudimg-rootfs: clean, 173982/5120000 files, 1297444/10485499 blocks
done.
[    6.466570] EXT4-fs (sda1): mounted filesystem with ordered data mode. Opts: (null)
done.
Begin: Running /scripts/local-bottom ... done.
Begin: Running /scripts/init-bottom ... done.
[    6.603774] ip_tables: (C) 2000-2006 Netfilter Core Team
[    6.609674] systemd[1]: systemd 237 running in system mode. (+PAM +AUDIT +SELINUX +IMA +APPARMOR +SMACK +SYSVINIT +UTMP +LIBCRYPTSETUP +GCRYPT +GNUTLS +ACL +XZ +LZ4 +SECCOMP +BLKID +ELFUTILS +KMOD -IDN2 +IDN -PCRE2 default-hierarchy=hybrid)
[    6.612293] systemd[1]: Detected virtualization oracle.
[    6.613349] systemd[1]: Detected architecture x86-64.

Welcome to [1mUbuntu 18.04.6 LTS[0m!

[    6.617504] systemd[1]: Set hostname to <gitlab>.
[    6.804464] systemd[1]: Reached target Mounting snaps.
[[0;32m  OK  [0m] Reached target Mounting snaps.
[    6.805581] systemd[1]: Reached target Mounted snaps.
[[0;32m  OK  [0m] Reached target Mounted snaps.
[    6.806489] systemd[1]: Set up automount Arbitrary Executable File Formats File System Automount Point.
[[0;32m  OK  [0m] Set up automount Arbitrary Executab…rmats File System Automount Point.
[    6.808008] systemd[1]: Reached target User and Group Name Lookups.
[[0;32m  OK  [0m] Reached target User and Group Name Lookups.
[    6.810267] systemd[1]: Created slice System Slice.
[[0;32m  OK  [0m] Created slice System Slice.
[    6.812350] systemd[1]: Listening on udev Control Socket.
[[0;32m  OK  [0m] Listening on udev Control Socket.
[[0;32m  OK  [0m] Created slice system-serial\x2dgetty.slice.
[[0;32m  OK  [0m] Listening on Journal Audit Socket.
[[0;32m  OK  [0m] Listening on fsck to fsckd communication Socket.
[[0;32m  OK  [0m] Listening on Syslog Socket.
[[0;32m  OK  [0m] Listening on Network Service Netlink Socket.
[[0;32m  OK  [0m] Listening on udev Kernel Socket.
[[0;32m  OK  [0m] Reached target System Time Synchronized.
[[0;32m  OK  [0m] Listening on LVM2 poll daemon socket.
[[0;32m  OK  [0m] Started Forward Password Requests to Wall Directory Watch.
[[0;32m  OK  [0m] Listening on /dev/initctl Compatibility Named Pipe.
[[0;32m  OK  [0m] Reached target Swap.
[[0;32m  OK  [0m] Listening on Journal Socket (/dev/log).
[[0;32m  OK  [0m] Listening on Journal Socket.
         Starting Journal Service...
         Mounting Kernel Debug File System...
         Mounting Huge Pages File System...
         Starting Uncomplicated firewall...
         Starting udev Coldplug all Devices...
         Starting Load Kernel Modules...
[[0;32m  OK  [0m] Created slice User and Session Slice.
[[0;32m  OK  [0m] Reached target Slices.
[[0;32m  OK  [0m] Listening on LVM2 metadata daemon socket.
         Starting Remount Root and Kernel File Systems...
         Mounting POSIX Message Queue File System...
[[0;32m  OK  [0m] Listening on Device-mapper event daemon FIFOs.
         Starting Monitoring of LVM2 mirrors…ng dmeventd or progress polling...
         Starting Set the console keyboard layout...
         Starting Create list of required st…ce nodes for the current kernel...
[[0;32m  OK  [0m] Started Uncomplicated firewall.
[[0;32m  OK  [0m] Mounted Kernel Debug File System.
[[0;32m  OK  [0m] Mounted Huge Pages File System.
[[0;32m  OK  [0m] Mounted POSIX Message Queue File System.
[    6.886139] Loading iSCSI transport class v2.0-870.
[[0;32m  OK  [0m] Started udev Coldplug all Devices.
[[0;32m  OK  [0m] Started Journal Service.
[    6.892699] iscsi: registered transport (tcp)
[    6.904232] iscsi: registered transport (iser)
[[0;32m  OK  [0m] Started Load Kernel Modules.
         Mounting Kernel Configuration File System...
         Mounting FUSE Control File System...
         Starting Apply Kernel Variables...
[[0;32m  OK  [0m] Mounted Kernel Configuration File System.
[[0;32m  OK  [0m] Mounted FUSE Control File System.
[[0;32m  OK  [0m] Started LVM2 metadata daemon.
[[0;32m  OK  [0m] Started Create list of required sta…vice nodes for the current kernel.
         Starting Create Static Device Nodes in /dev...
[[0;32m  OK  [0m] Started Remount Root and Kernel File Systems.
         Starting Load/Save Random Seed...
         Starting Flush Journal to Persistent Storage...
[[0;32m  OK  [0m] Started Monitoring of LVM2 mirrors,…sing dmeventd or progress polling.
[[0;32m  OK  [0m] Started Apply Kernel Variables.
[[0;32m  OK  [0m] Started Load/Save Random Seed.
[[0;32m  OK  [0m] Started Create Static Device Nodes in /dev.
         Starting udev Kernel Device Manager...
[[0;32m  OK  [0m] Started udev Kernel Device Manager.
[[0;32m  OK  [0m] Started Set the console keyboard layout.
[[0;32m  OK  [0m] Reached target Local File Systems (Pre).
[[0;32m  OK  [0m] Reached target Local File Systems.
         Starting Set console font and keymap...
         Starting ebtables ruleset management...
         Starting AppArmor initialization...
         Starting Tell Plymouth To Write Out Runtime Data...
[[0;32m  OK  [0m] Started Dispatch Password Requests to Console Directory Watch.
[[0;32m  OK  [0m] Reached target Local Encrypted Volumes.
[[0;32m  OK  [0m] Started Set console font and keymap.
[[0;32m  OK  [0m] Started Flush Journal to Persistent Storage.
         Starting Create Volatile Files and Directories...
[[0;32m  OK  [0m] Started Tell Plymouth To Write Out Runtime Data.
[[0;32m  OK  [0m] Started Create Volatile Files and Directories.
[[0;32m  OK  [0m] Found device /dev/ttyS0.
         Starting Update UTMP about System Boot/Shutdown...
[[0;32m  OK  [0m] Started ebtables ruleset management.
[[0;32m  OK  [0m] Started Update UTMP about System Boot/Shutdown.
[[0;32m  OK  [0m] Listening on Load/Save RF Kill Switch Status /dev/rfkill Watch.
[[0;32m  OK  [0m] Started AppArmor initialization.
         Starting Load AppArmor profiles managed internally by snapd...
         Starting Initial cloud-init job (pre-networking)...
         Mounting Arbitrary Executable File Formats File System...
[[0;32m  OK  [0m] Mounted Arbitrary Executable File Formats File System.
[[0;32m  OK  [0m] Started Load AppArmor profiles managed internally by snapd.
[    8.454711] cloud-init[578]: Cloud-init v. 22.4.2-0ubuntu0~18.04.1 running 'init-local' at Mon, 03 Apr 2023 12:51:46 +0000. Up 8.29 seconds.
[[0;32m  OK  [0m] Started Initial cloud-init job (pre-networking).
[[0;32m  OK  [0m] Reached target Network (Pre).
         Starting Network Service...
[[0;32m  OK  [0m] Started Network Service.
         Starting Network Name Resolution...
         Starting Wait for Network to be Configured...
[[0;32m  OK  [0m] Started Network Name Resolution.
[[0;32m  OK  [0m] Reached target Network.
[[0;32m  OK  [0m] Reached target Host and Network Name Lookups.
[[0;32m  OK  [0m] Started Wait for Network to be Configured.
         Starting Initial cloud-init job (metadata service crawler)...
[   10.959170] cloud-init[686]: Cloud-init v. 22.4.2-0ubuntu0~18.04.1 running 'init' at Mon, 03 Apr 2023 12:51:48 +0000. Up 10.85 seconds.
[   10.961431] cloud-init[686]: ci-info: ++++++++++++++++++++++++++++++++++++++Net device info+++++++++++++++++++++++++++++++++++++++
[   10.972480] cloud-init[686]: ci-info: +--------+------+-----------------------------+---------------+--------+-------------------+
[   10.974457] cloud-init[686]: ci-info: | Device |  Up  |           Address           |      Mask     | Scope  |     Hw-Address    |
[   10.975310] cloud-init[686]: ci-info: +--------+------+-----------------------------+---------------+--------+-------------------+
[   10.976381] cloud-init[686]: ci-info: | enp0s3 | True |          10.0.2.15          | 255.255.255.0 | global | 02:4f:75:14:cc:00 |
[   10.977560] cloud-init[686]: ci-info: | enp0s3 | True |  fe80::4f:75ff:fe14:cc00/64 |       .       |  link  | 02:4f:75:14:cc:00 |
[   10.978812] cloud-init[686]: ci-info: | enp0s8 | True |        192.168.33.44        | 255.255.255.0 | global | 08:00:27:08:bf:35 |
[   10.979834] cloud-init[686]: ci-info: | enp0s8 | True | fe80::a00:27ff:fe08:bf35/64 |       .       |  link  | 08:00:27:08:bf:35 |
[   10.981074] cloud-init[686]: ci-info: |   lo   | True |          127.0.0.1          |   255.0.0.0   |  host  |         .         |
[   10.982680] cloud-init[686]: ci-info: |   lo   | True |           ::1/128           |       .       |  host  |         .         |
[   10.983583] cloud-init[686]: ci-info: +--------+------+-----------------------------+---------------+--------+-------------------+
[   10.985003] cloud-init[686]: ci-info: +++++++++++++++++++++++++++++Route IPv4 info+++++++++++++++++++++++++++++
[   10.996222] cloud-init[686]: ci-info: +-------+--------------+----------+-----------------+-----------+-------+
[   10.997032] cloud-init[686]: ci-info: | Route | Destination  | Gateway  |     Genmask     | Interface | Flags |
[   10.998340] cloud-init[686]: ci-info: +-------+--------------+----------+-----------------+-----------+-------+
[   10.999225] cloud-init[686]: ci-info: |   0   |   0.0.0.0    | 10.0.2.2 |     0.0.0.0     |   enp0s3  |   UG  |
[   11.000344] cloud-init[686]: ci-info: |   1   |   10.0.2.0   | 0.0.0.0  |  255.255.255.0  |   enp0s3  |   U   |
[   11.001255] cloud-init[686]: ci-info: |   2   |   10.0.2.2   | 0.0.0.0  | 255.255.255.255 |   enp0s3  |   UH  |
[   11.002097] cloud-init[686]: ci-info: |   3   | 192.168.33.0 | 0.0.0.0  |  255.255.255.0  |   enp0s8  |   U   |
[   11.002938] cloud-init[686]: ci-info: +-------+--------------+----------+-----------------+-----------+-------+
[   11.003838] cloud-init[686]: ci-info: +++++++++++++++++++Route IPv6 info+++++++++++++++++++
[   11.004628] cloud-init[686]: ci-info: +-------+-------------+---------+-----------+-------+
[   11.006873] cloud-init[686]: ci-info: | Route | Destination | Gateway | Interface | Flags |
[   11.007742] cloud-init[686]: ci-info: +-------+-------------+---------+-----------+-------+
[   11.008546] cloud-init[686]: ci-info: |   1   |  fe80::/64  |    ::   |   enp0s8  |   U   |
[   11.027960] cloud-init[686]: ci-info: |   2   |  fe80::/64  |    ::   |   enp0s3  |   U   |
[   11.028748] cloud-init[686]: ci-info: |   4   |    local    |    ::   |   enp0s3  |   U   |
[   11.029475] cloud-init[686]: ci-info: |   5   |    local    |    ::   |   enp0s8  |   U   |
[   11.030244] cloud-init[686]: ci-info: |   6   |   ff00::/8  |    ::   |   enp0s8  |   U   |
[   11.030947] cloud-init[686]: ci-info: |   7   |   ff00::/8  |    ::   |   enp0s3  |   U   |
[   11.031735] cloud-init[686]: ci-info: +-------+-------------+---------+-----------+-------+
[[0;32m  OK  [0m] Started Initial cloud-init job (metadata service crawler).
[[0;32m  OK  [0m] Reached target Cloud-config availability.
[[0;32m  OK  [0m] Reached target System Initialization.
[[0;32m  OK  [0m] Listening on UUID daemon activation socket.
[[0;32m  OK  [0m] Listening on D-Bus System Message Bus Socket.
[[0;32m  OK  [0m] Listening on Open-iSCSI iscsid Socket.
         Starting LXD - unix socket.
         Starting Socket activation for snappy daemon.
[[0;32m  OK  [0m] Listening on ACPID Listen Socket.
[[0;32m  OK  [0m] Started Discard unused blocks once a week.
[[0;32m  OK  [0m] Started Daily apt download activities.
[[0;32m  OK  [0m] Started Daily apt upgrade and clean activities.
[[0;32m  OK  [0m] Started Daily Cleanup of Temporary Directories.
[[0;32m  OK  [0m] Started Ubuntu Advantage Timer for running repeated jobs.
[[0;32m  OK  [0m] Started Message of the Day.
[[0;32m  OK  [0m] Reached target Timers.
[[0;32m  OK  [0m] Listening on cloud-init hotplug hook socket.
[[0;32m  OK  [0m] Started ACPI Events Check.
[[0;32m  OK  [0m] Reached target Paths.
[[0;32m  OK  [0m] Reached target Network is Online.
         Starting Availability of block devices...
[[0;32m  OK  [0m] Reached target Remote File Systems (Pre).
[[0;32m  OK  [0m] Reached target Remote File Systems.
[[0;32m  OK  [0m] Listening on LXD - unix socket.
[[0;32m  OK  [0m] Listening on Socket activation for snappy daemon.
[[0;32m  OK  [0m] Reached target Sockets.
[[0;32m  OK  [0m] Reached target Basic System.
         Starting Dispatcher daemon for systemd-networkd...
[[0;32m  OK  [0m] Started Regular background program processing daemon.
         Starting Virtualbox guest utils...
[[0;32m  OK  [0m] Started Deferred execution scheduler.
[[0;32m  OK  [0m] Started D-Bus System Message Bus.
         Starting OpenBSD Secure Shell server...
         Starting LSB: automatic crash report generation...
         Starting LSB: Record successful boot for GRUB...
         Starting Snap Daemon...
[[0;32m  OK  [0m] Started irqbalance daemon.
         Starting Accounts Service...
[[0;32m  OK  [0m] Started FUSE filesystem for LXC.
[[0;32m  OK  [0m] Reached target Login Prompts (Pre).
         Starting System Logging Service...
         Starting Login Service...
         Starting Permit User Sessions...
         Starting LXD - container startup/shutdown...
[[0;32m  OK  [0m] Started Availability of block devices.
[[0;32m  OK  [0m] Started OpenBSD Secure Shell server.
[[0;32m  OK  [0m] Started Permit User Sessions.
         Starting Hold until boot process finishes up...
         Starting Terminate Plymouth Boot Screen...
[[0;32m  OK  [0m] Started Hold until boot process finishes up.
         Starting Set console scheme...
[[0;32m  OK  [0m] Started Serial Getty on ttyS0.
[[0;32m  OK  [0m] Started Terminate Plymouth Boot Screen.
[[0;32m  OK  [0m] Started System Logging Service.
[[0;32m  OK  [0m] Started Login Service.
[[0;32m  OK  [0m] Started Set console scheme.
[[0;32m  OK  [0m] Created slice system-getty.slice.
[[0;32m  OK  [0m] Started Getty on tty1.
[[0;32m  OK  [0m] Reached target Login Prompts.
         Starting Authorization Manager...
[[0;32m  OK  [0m] Started Unattended Upgrades Shutdown.
[[0;32m  OK  [0m] Started Virtualbox guest utils.
[[0;32m  OK  [0m] Started Authorization Manager.
[[0;32m  OK  [0m] Started LSB: automatic crash report generation.
[[0;32m  OK  [0m] Started LSB: Record successful boot for GRUB.
[[0;32m  OK  [0m] Started LXD - container startup/shutdown.
[[0;32m  OK  [0m] Started Accounts Service.
[[0;32m  OK  [0m] Started Dispatcher daemon for systemd-networkd.
[[0;32m  OK  [0m] Started Snap Daemon.
         Starting Time & Date Service...
         Starting Wait until snapd is fully seeded...
[[0;32m  OK  [0m] Started Time & Date Service.
[[0;32m  OK  [0m] Started Wait until snapd is fully seeded.
         Starting Apply the settings specified in cloud-config...
[[0;32m  OK  [0m] Created slice User Slice of vagrant.
         Starting User Manager for UID 1000...
[[0;32m  OK  [0m] Started Session 1 of user vagrant.
[[0;32m  OK  [0m] Started User Manager for UID 1000.
[   13.323528] cloud-init[1118]: Cloud-init v. 22.4.2-0ubuntu0~18.04.1 running 'modules:config' at Mon, 03 Apr 2023 12:51:50 +0000. Up 12.87 seconds.
[[0;32m  OK  [0m] Started Apply the settings specified in cloud-config.
[[0;32m  OK  [0m] Reached target Multi-User System.
[[0;32m  OK  [0m] Started GitLab Runit supervision process.
[[0;32m  OK  [0m] Reached target Graphical Interface.
         Starting Update UTMP about System Runlevel Changes...
         Starting Execute cloud user/final scripts...
[[0;32m  OK  [0m] Started Update UTMP about System Runlevel Changes.
[   14.133304] cloud-init[1220]: Cloud-init v. 22.4.2-0ubuntu0~18.04.1 running 'modules:final' at Mon, 03 Apr 2023 12:51:51 +0000. Up 13.92 seconds.
[   14.134750] cloud-init[1220]: Cloud-init v. 22.4.2-0ubuntu0~18.04.1 finished at Mon, 03 Apr 2023 12:51:51 +0000. Datasource DataSourceNoCloud [seed=/dev/sdb][dsmode=net].  Up 14.09 seconds
[[0;32m  OK  [0m] Started Execute cloud user/final scripts.
[[0;32m  OK  [0m] Reached target Cloud-init target.

Ubuntu 18.04.6 LTS gitlab ttyS0

gitlab login: 